PARSING BUCK FILES: FINISHED IN 1.1s
CREATING ACTION GRAPH: FINISHED IN 0.1s
BUILT 8/10 JOBS 4.6s //:cg#compile-main.cpp.o4b91d1f7,default
Undefined symbols for architecture x86_64:
  "_main", referenced from:
     implicit entry/start for main executable
ld: symbol(s) not found for architecture x86_64
clang: error: linker command failed with exit code 1 (use -v to see invocation)

DOWNLOADED 0 ARTIFACTS, 0.00 BYTES, 100.0% CACHE MISS
BUILDING: FINISHED IN 5.7s 10/10 JOBS, 3 UPDATED

Top slow rules
    //:cg: 4.7s
    //lib/libbmp:libbmp: 0.0s
    //lib/boost_1_78_0:boost: 0.0s
BUILD FAILED
Command failed with exit code 1.

command: [/usr/bin/clang++, @/Users/barjimal/Code/cpp/cg/buck-out/bin/cg#binary/linker.argsfile]

stderr: Undefined symbols for architecture x86_64:
  "_main", referenced from:
     implicit entry/start for main executable
ld: symbol(s) not found for architecture x86_64
clang: error: linker command failed with exit code 1 (use -v to see invocation)

    When running <c++ link>.
    When building rule //:cg#binary.
