[2022-03-05 16:45:05.156][debug][command:null][tid:01][com.facebook.buck.cli.SystemInfoLogger] Soft file limit: 10240, hard file limit: 1048576
[2022-03-05 16:45:05.292][debug][command:null][tid:01][com.facebook.buck.cli.SystemInfoLogger] Parent process chain:
  77745 buckd -Dbuck.is_buckd=true -Dbuck.buckd_launch_time_nanos=252332755044913 -Dfile.encoding=UTF-8 -XX:MaxGCPauseMillis=15000 -XX:SoftRefLRUPolicyMSPerMB=0 -XX:PerfDataSamplingInterval=5000 -Xrs -XX:+UnlockDiagnosticVMOptions -XX:GuaranteedSafepointInterval=5000 -Djava.io.tmpdir=/Users/barjimal/Code/cpp/cg/buck-out/tmp/buckd_tmp.b2b5sO -Dcom.facebook.nailgun.NGServer.outputPath=/Users/barjimal/Code/cpp/cg/buck-out/tmp/buckd_tmp.b2b5sO/ngserver-out -XX:+UseG1GC -XX:MaxHeapFreeRatio=40 -Xbootclasspath/a:/Users/barjimal/Code/cpp/cg/build/buck/ant-out/buckfilesystem/buckfilesystem.jar -Djava.nio.file.spi.DefaultFileSystemProvider=com.facebook.buck.core.filesystems.BuckFileSystemProvider -Xmx1000m -Djava.awt.headless=true -Djna.nosys=true -Djava.util.logging.config.class=com.facebook.buck.cli.bootstrapper.LogConfig -Dbuck.test_util_no_tests_dir=true -Dbuck.version_uid=e9e9ef3def2984349c75a457fcc446527f23db99 -Dbuck.buckd_dir=/Users/barjimal/Code/cpp/cg/.buckd -Dorg.eclipse.jetty.util.log.class=org.eclipse.jetty.util.log.JavaUtilLog -Dbuck.git_commit=e9e9ef3def2984349c75a457fcc446527f23db99 -Dbuck.git_commit_timestamp=1646322521 -Dbuck.binary_hash=e1e27fa1b9aa07a12da09df0e2659e28 -Dbuck.base_buck_out_dir=buck-out -Dbuck.legacy_fix_script=/Users/barjimal/Code/cpp/cg/build/buck/programs/fixes/source_only_abi/autofix_source_only_abi_warnings.py -Dbuck.testrunner_classes=/Users/barjimal/Code/cpp/cg/build/buck/ant-out/testrunner/classes -Dbuck.logging_config_file=/Users/barjimal/Code/cpp/cg/build/buck/config/logging.properties.st -Dbuck.path_to_python_dsl=/Users/barjimal/Code/cpp/cg/build/buck/python-dsl -Dbuck.path_to_pathlib_py=/Users/barjimal/Code/cpp/cg/build/buck/third-party/py/pathlib/pathlib.py -Dbuck.path_to_pywatchman=/Users/barjimal/Code/cpp/cg/build/buck/third-party/py/pywatchman -Dbuck.path_to_typing=/Users/barjimal/Code/cpp/cg/build/buck/third-party/py/typing/python2 -Dbuck.path_to_six_py=/Users/barjimal/Code/cpp/cg/build/buck/third-party/py/six/six.py -Dbuck.path_to_sh_binary_template=/Users/barjimal/Code/cpp/cg/build/buck/src/com/facebook/buck/shell/sh_binary_template -Dbuck.path_to_isolated_trampoline=/Users/barjimal/Code/cpp/cg/build/buck/src/com/facebook/buck/rules/modern/builders/trampoline.sh -Dbuck.jacoco_agent_jar=/Users/barjimal/Code/cpp/cg/build/buck/third-party/java/jacoco/jacocoagent.jar -Dbuck.report_generator_jar=/Users/barjimal/Code/cpp/cg/build/buck/ant-out/report-generator.jar -Dbuck.dx=/Users/barjimal/Code/cpp/cg/build/buck/third-party/java/dx/etc/dx -Dbuck.android_agent_path=/Users/barjimal/Code/cpp/cg/build/buck/assets/android/agent.apk -Dbuck.buck_build_type_info=/Users/barjimal/Code/cpp/cg/build/buck/config/build_type/LOCAL_ANT/type.txt -Dbuck.native_exopackage_fake_path=/Users/barjimal/Code/cpp/cg/build/buck/assets/android/native-exopackage-fakes.apk -Dbuck.enable_objc=true -Djava.library.path=/Users/barjimal/Code/cpp/cg/build/buck/third-party/java/ObjCBridge -Dbuck.git_dirty=0 -Dpf4j.pluginsDir=/Users/barjimal/Code/cpp/cg/build/buck/ant-out/buck-modules -Dbuck.mode=repository -Dbuck.module.resources=/Users/barjimal/Code/cpp/cg/build/buck/ant-out/buck-modules-resources com.facebook.buck.cli.bootstrapper.ClassLoaderBootstrapper com.facebook.buck.cli.BuckDaemon local:.buckd/sock 180000
  77732 /System/Library/Frameworks/Python.framework/Versions/2.7/Resources/Python.app/Contents/MacOS/Python /Users/barjimal/Code/cpp/cg/build/buck/bin/../programs/buck.py build :cg
   4068 -zsh
   2712 tmux new -s base
      1 /sbin/launchd

[2022-03-05 16:45:05.296][info ][command:null][tid:01][com.facebook.buck.cli.BuckDaemon] enabling background process killing for buckd
[2022-03-05 16:45:05.300][info ][command:null][tid:01][com.facebook.buck.cli.BuckDaemon] enabled background process killing for buckd
[2022-03-05 16:45:05.301][info ][command:null][tid:01][com.facebook.buck.cli.BuckDaemon] initialized bg session killer
[2022-03-05 16:45:05.376][debug][command:null][tid:22][com.facebook.nailgun.NGSession] NGSession 1 is waiting for first client to connect
[2022-03-05 16:45:05.378][debug][command:null][tid:22][com.facebook.nailgun.NGSession] NGSession 1 accepted new connection
[2022-03-05 16:45:05.385][debug][command:null][tid:23][com.facebook.nailgun.NGCommunicator] Orchestrator thread started
[2022-03-05 16:45:05.412][info ][command:null][tid:22][org.pf4j.DefaultPluginStatusProvider] Enabled plugins: []
[2022-03-05 16:45:05.412][info ][command:null][tid:22][org.pf4j.DefaultPluginStatusProvider] Disabled plugins: []
[2022-03-05 16:45:05.414][info ][command:null][tid:22][org.pf4j.DefaultPluginManager] PF4J version 2.0.0-SNAPSHOT in 'deployment' mode
[2022-03-05 16:45:05.446][info ][command:null][tid:22][org.pf4j.AbstractPluginManager] Plugin 'com.facebook.buck.features.python@0.0.1' resolved
[2022-03-05 16:45:05.446][info ][command:null][tid:22][org.pf4j.AbstractPluginManager] Plugin 'com.facebook.buck.features.lua@0.0.1' resolved
[2022-03-05 16:45:05.446][info ][command:null][tid:22][org.pf4j.AbstractPluginManager] Plugin 'com.facebook.buck.features.go@0.0.1' resolved
[2022-03-05 16:45:05.447][info ][command:null][tid:22][org.pf4j.AbstractPluginManager] Plugin 'com.facebook.buck.features.rust@0.0.1' resolved
[2022-03-05 16:45:05.447][info ][command:null][tid:22][org.pf4j.AbstractPluginManager] Plugin 'com.facebook.buck.features.haskell@0.0.1' resolved
[2022-03-05 16:45:05.447][info ][command:null][tid:22][org.pf4j.AbstractPluginManager] Plugin 'com.facebook.buck.features.dotnet@0.0.1' resolved
[2022-03-05 16:45:05.447][info ][command:null][tid:22][org.pf4j.AbstractPluginManager] Plugin 'com.facebook.buck.features.ocaml@0.0.1' resolved
[2022-03-05 16:45:05.447][info ][command:null][tid:22][org.pf4j.AbstractPluginManager] Plugin 'com.facebook.buck.features.halide@0.0.1' resolved
[2022-03-05 16:45:05.447][info ][command:null][tid:22][org.pf4j.AbstractPluginManager] Plugin 'com.facebook.buck.features.js@0.0.1' resolved
[2022-03-05 16:45:05.447][info ][command:null][tid:22][org.pf4j.AbstractPluginManager] Plugin 'com.facebook.buck.features.apple.project@0.0.1' resolved
[2022-03-05 16:45:05.448][info ][command:null][tid:22][org.pf4j.AbstractPluginManager] Plugin 'com.facebook.buck.features.d@0.0.1' resolved
[2022-03-05 16:45:05.448][info ][command:null][tid:22][org.pf4j.AbstractPluginManager] Plugin 'com.facebook.buck.features.gwt@0.0.1' resolved
[2022-03-05 16:45:05.448][info ][command:null][tid:22][org.pf4j.AbstractPluginManager] Plugin 'com.facebook.buck.features.filebundler@0.0.1' resolved
[2022-03-05 16:45:05.448][info ][command:null][tid:22][org.pf4j.AbstractPluginManager] Plugin 'com.facebook.buck.features.filegroup@0.0.1' resolved
[2022-03-05 16:45:05.448][info ][command:null][tid:22][org.pf4j.AbstractPluginManager] Plugin 'com.facebook.buck.features.zip.rules@0.0.1' resolved
[2022-03-05 16:45:05.448][info ][command:null][tid:22][org.pf4j.AbstractPluginManager] Plugin 'com.facebook.buck.features.project.intellij@0.0.1' resolved
[2022-03-05 16:45:05.448][info ][command:null][tid:22][org.pf4j.AbstractPluginManager] Start plugin 'com.facebook.buck.features.python@0.0.1'
[2022-03-05 16:45:05.450][info ][command:null][tid:22][org.pf4j.AbstractPluginManager] Start plugin 'com.facebook.buck.features.lua@0.0.1'
[2022-03-05 16:45:05.451][info ][command:null][tid:22][org.pf4j.AbstractPluginManager] Start plugin 'com.facebook.buck.features.go@0.0.1'
[2022-03-05 16:45:05.452][info ][command:null][tid:22][org.pf4j.AbstractPluginManager] Start plugin 'com.facebook.buck.features.rust@0.0.1'
[2022-03-05 16:45:05.452][info ][command:null][tid:22][org.pf4j.AbstractPluginManager] Start plugin 'com.facebook.buck.features.haskell@0.0.1'
[2022-03-05 16:45:05.453][info ][command:null][tid:22][org.pf4j.AbstractPluginManager] Start plugin 'com.facebook.buck.features.dotnet@0.0.1'
[2022-03-05 16:45:05.454][info ][command:null][tid:22][org.pf4j.AbstractPluginManager] Start plugin 'com.facebook.buck.features.ocaml@0.0.1'
[2022-03-05 16:45:05.455][info ][command:null][tid:22][org.pf4j.AbstractPluginManager] Start plugin 'com.facebook.buck.features.halide@0.0.1'
[2022-03-05 16:45:05.455][info ][command:null][tid:22][org.pf4j.AbstractPluginManager] Start plugin 'com.facebook.buck.features.js@0.0.1'
[2022-03-05 16:45:05.456][info ][command:null][tid:22][org.pf4j.AbstractPluginManager] Start plugin 'com.facebook.buck.features.apple.project@0.0.1'
[2022-03-05 16:45:05.456][info ][command:null][tid:22][org.pf4j.AbstractPluginManager] Start plugin 'com.facebook.buck.features.d@0.0.1'
[2022-03-05 16:45:05.457][info ][command:null][tid:22][org.pf4j.AbstractPluginManager] Start plugin 'com.facebook.buck.features.gwt@0.0.1'
[2022-03-05 16:45:05.458][info ][command:null][tid:22][org.pf4j.AbstractPluginManager] Start plugin 'com.facebook.buck.features.filebundler@0.0.1'
[2022-03-05 16:45:05.458][info ][command:null][tid:22][org.pf4j.AbstractPluginManager] Start plugin 'com.facebook.buck.features.filegroup@0.0.1'
[2022-03-05 16:45:05.459][info ][command:null][tid:22][org.pf4j.AbstractPluginManager] Start plugin 'com.facebook.buck.features.zip.rules@0.0.1'
[2022-03-05 16:45:05.459][info ][command:null][tid:22][org.pf4j.AbstractPluginManager] Start plugin 'com.facebook.buck.features.project.intellij@0.0.1'
[2022-03-05 16:45:05.578][debug][command:null][tid:22][com.facebook.buck.util.config.Configs] Loading configuration for /Users/barjimal/Code/cpp/cg
[2022-03-05 16:45:05.590][debug][command:null][tid:22][com.facebook.buck.util.config.Configs] Loaded a configuration file /etc/buckconfig.d/fb_chef.ini, {cache={http_client_tls_cert_env_var=THRIFT_TLS_CL_CERT_PATH, http_client_tls_key_env_var=THRIFT_TLS_CL_KEY_PATH, http_client_tls_ca_env_var=THRIFT_TLS_CL_CA_PATH, http_client_tls_for_slb=true, http_client_tls_cert=/var/facebook/credentials/barjimal/x509/barjimal.pem, http_client_tls_key=/var/facebook/credentials/barjimal/x509/barjimal.pem}, remoteexecution={cert_env_var=THRIFT_TLS_CL_CERT_PATH, key_env_var=THRIFT_TLS_CL_KEY_PATH, ca_env_var=THRIFT_TLS_CL_CA_PATH, cert=/var/facebook/credentials/barjimal/x509/barjimal.pem, key=/var/facebook/credentials/barjimal/x509/barjimal.pem}}
[2022-03-05 16:45:05.593][debug][command:null][tid:22][com.facebook.buck.util.config.Configs] Loaded a configuration file /etc/buckconfig.d/fb_chef_override.ini, {cache={load_balancing_type=SINGLE_SERVER, slb_health_check_internal_millis=5000, slb_timeout_millis=10000, slb_max_error_percentage=0.15, slb_min_samples_to_report_error=1, slb_error_check_time_range_millis=300000, slb_latency_check_time_range_millis=300000, slb_max_acceptable_latency_millis=10000, http_connect_timeout_seconds=10, http_read_timeout_seconds=30, http_write_timeout_seconds=30, cache_cas_host=buildinfra-buckcache-prod.c2p.facebook.net, cache_cas_port=8443, cas_read_percentage=100, cas_write_artifact_size_threshold=30MB, slb_server_pool=https://buildinfra-buckcache-prod.c2p.facebook.net, http_url=https://buildinfra-buckcache-prod.c2p.facebook.net/hybrid_thrift}, doctor={slb_server_pool=https://stampede-frontend-prod.internal.tfbnw.net}, log={slb_server_pool=https://stampede-frontend-prod.internal.tfbnw.net, use_scribed=true, scribed_enabled_categories=buckcache_requests_fetch,buckcache_requests_store,errorlog_buck,perfpipe_buck_build_rules,perfpipe_buck_build_steps,perfpipe_buck_builds,perfpipe_buck_cache_fetch_request_http_retries,perfpipe_buck_cache_store_request_http_retries,perfpipe_buck_critical_path_rules,perfpipe_buck_http_cache_upload_stats,perfpipe_buck_offline_logs_stats,perfpipe_buck_parser_state,perfpipe_buck_remote_execution_actions,perfpipe_buck_remote_execution_fallback_strategy,perfpipe_remote_execution_large_blobs,perfpipe_buck_slb_counters,perfpipe_buck_slb_counters_per_server,perfpipe_buck_slow_targets,perfpipe_buck_status,perfpipe_buck_strategy_results,perfpipe_buck_two_level_cache_stats,perfpipe_logview_buck}, remoteexecution={ca=, cas_host=buildinfra-buckcache-prod.c2p.facebook.net, cas_port=8443, remote_host=re-engine-prod.c2p.facebook.net, remote_port=443, type=GRPC}, stampede={slb_server_pool=https://stampede-frontend-prod.internal.tfbnw.net}, experiments={grpc_keepalive_period_seconds=36000}, eden={use_watchman_content_sha1=false, use_xattr=false, sha1_hasher=xattr}}
[2022-03-05 16:45:05.597][debug][command:null][tid:22][com.facebook.buck.util.config.Configs] Loaded a configuration file /Users/barjimal/.buckconfig.d/experiments, {experiments={allow_swift_private_dependencies=true, buck_cache_slb_tests=true, eden_globber=true, eden_use_xattr=true, eng=true, filter_buck_config_fields_for_re=true, fix_s175704=true, genrule_remote_execution_enabled=true, hook_old_revision_behind=true, hook_old_revision_first_build=true, record_resource_usage=true, remote_execution_disable_distcc=true, remote_execution_disable_distcc_sc=true, remote_execution_enabled=true, remote_execution_enabled_devserver_fbcode=true, remote_execution_enabled_fbcode=true, remote_execution_enabled_laptop=true, testinfra_external_runner_tpx=true, testinfra_external_runner_tpx_fbandroid=true, testinfra_external_runner_tpx_fbobjc=true, tools_prewarmer=true, upload_build_traces=true, use_scribed_tests=true, remote_execution_beta_test=$(config remote_execution.enable_laptop_2)}, swift={allow_private_swift_deps=true}, cache={http_url=https://buildinfra-buckcache-prod.internal.tfbnw.net/hybrid_thrift, load_balancing_type=SINGLE_SERVER}, project={watchman_query_timeout_ms=240000}, log={scribed_enabled_categories=buckcache_requests_fetch,buckcache_requests_store,errorlog_buck,perfpipe_buck_build_rules,perfpipe_buck_build_steps,perfpipe_buck_builds,perfpipe_buck_cache_fetch_request_http_retries,perfpipe_buck_cache_store_request_http_retries,perfpipe_buck_critical_path_rules,perfpipe_buck_http_cache_upload_stats,perfpipe_buck_offline_logs_stats,perfpipe_buck_parser_state,perfpipe_buck_remote_execution_actions,perfpipe_buck_slb_counters,perfpipe_buck_slb_counters_per_server,perfpipe_buck_slow_targets,perfpipe_buck_status,perfpipe_buck_strategy_results,perfpipe_logview_buck,perfpipe_buck_two_level_cache_stats, use_scribed=true}}
[2022-03-05 16:45:05.599][debug][command:null][tid:22][com.facebook.buck.util.config.Configs] Loaded project configuration file /Users/barjimal/Code/cpp/cg/.buckconfig
[2022-03-05 16:45:05.606][debug][command:null][tid:22][com.facebook.buck.util.config.Configs] Adding configuration overrides RawConfig{values={}}
[2022-03-05 16:45:05.718][debug][command:null][tid:22][com.facebook.buck.cli.MainRunner] Rotating log.
